# JRE version: Java(TM) SE Runtime Environment (23.0.1+11) (build 23.0.1+11-39)
# Java VM: Java HotSpot(TM) 64-Bit Server VM (23.0.1+11-39, mixed mode, emulated-client, sharing, tiered, compressed oops, compressed class ptrs, g1 gc, windows-amd64)
GC Precious Log:
 CardTable entry size: 512
 Card Set container configuration: InlinePtr #cards 5 size 8 Array Of Cards #cards 10 size 36 Howl #buckets 4 coarsen threshold 1843 Howl Bitmap #cards 512 size 80 coarsen threshold 460 Card regions per heap region 1 cards per card region 2048
 CPUs: 8 total, 8 available
 Memory: 7865M
 Large Page Support: Disabled
 NUMA Support: Disabled
 Compressed Oops: Enabled (32-bit)
 Heap Region Size: 1M
 Heap Min Capacity: 8M
 Heap Initial Capacity: 124M
 Heap Max Capacity: 1968M
 Pre-touch: Disabled
 Parallel Workers: 8
 Concurrent Workers: 2
 Concurrent Refinement Workers: 8
 Periodic GC: Disabled
Heap:
 garbage-first heap   total reserved 2015232K, committed 60416K, used 28998K [0x0000000085000000, 0x0000000100000000)
  region size 1024K, 2 young (2048K), 1 survivors (1024K)
 Metaspace       used 72575K, committed 73536K, reserved 1114112K
  class space    used 10694K, committed 11072K, reserved 1048576K
GC Heap History (20 events):
Event: 7928.822 GC heap after
{Heap after GC invocations=45 (full 0):
 garbage-first heap   total reserved 2015232K, committed 60416K, used 29664K [0x0000000085000000, 0x0000000100000000)
  region size 1024K, 1 young (1024K), 1 survivors (1024K)
 Metaspace       used 72431K, committed 73472K, reserved 1114112K
  class space    used 10657K, committed 11072K, reserved 1048576K
}
Event: 8446.098 GC heap before
{Heap before GC invocations=45 (full 0):
 garbage-first heap   total reserved 2015232K, committed 60416K, used 53216K [0x0000000085000000, 0x0000000100000000)
  region size 1024K, 25 young (25600K), 1 survivors (1024K)
 Metaspace       used 72433K, committed 73472K, reserved 1114112K
  class space    used 10657K, committed 11072K, reserved 1048576K
}
Event: 8446.143 GC heap after
{Heap after GC invocations=46 (full 0):
 garbage-first heap   total reserved 2015232K, committed 60416K, used 29803K [0x0000000085000000, 0x0000000100000000)
  region size 1024K, 1 young (1024K), 1 survivors (1024K)
 Metaspace       used 72433K, committed 73472K, reserved 1114112K
  class space    used 10657K, committed 11072K, reserved 1048576K
}
Event: 8977.026 GC heap before
{Heap before GC invocations=47 (full 0):
 garbage-first heap   total reserved 2015232K, committed 60416K, used 54379K [0x0000000085000000, 0x0000000100000000)
  region size 1024K, 25 young (25600K), 1 survivors (1024K)
 Metaspace       used 72433K, committed 73472K, reserved 1114112K
  class space    used 10657K, committed 11072K, reserved 1048576K
}
Event: 8977.061 GC heap after
{Heap after GC invocations=48 (full 0):
 garbage-first heap   total reserved 2015232K, committed 60416K, used 29746K [0x0000000085000000, 0x0000000100000000)
  region size 1024K, 1 young (1024K), 1 survivors (1024K)
 Metaspace       used 72433K, committed 73472K, reserved 1114112K
  class space    used 10657K, committed 11072K, reserved 1048576K
}
Event: 9649.108 GC heap before
{Heap before GC invocations=48 (full 0):
 garbage-first heap   total reserved 2015232K, committed 60416K, used 54322K [0x0000000085000000, 0x0000000100000000)
  region size 1024K, 25 young (25600K), 1 survivors (1024K)
 Metaspace       used 72437K, committed 73472K, reserved 1114112K
  class space    used 10658K, committed 11072K, reserved 1048576K
}
Event: 9649.161 GC heap after
{Heap after GC invocations=49 (full 0):
 garbage-first heap   total reserved 2015232K, committed 60416K, used 29765K [0x0000000085000000, 0x0000000100000000)
  region size 1024K, 2 young (2048K), 2 survivors (2048K)
 Metaspace       used 72437K, committed 73472K, reserved 1114112K
  class space    used 10658K, committed 11072K, reserved 1048576K
}
Event: 9969.785 GC heap before
{Heap before GC invocations=49 (full 0):
 garbage-first heap   total reserved 2015232K, committed 60416K, used 53317K [0x0000000085000000, 0x0000000100000000)
  region size 1024K, 25 young (25600K), 2 survivors (2048K)
 Metaspace       used 72441K, committed 73472K, reserved 1114112K
  class space    used 10659K, committed 11072K, reserved 1048576K
}
Event: 9969.818 GC heap after
{Heap after GC invocations=50 (full 0):
 garbage-first heap   total reserved 2015232K, committed 60416K, used 29761K [0x0000000085000000, 0x0000000100000000)
  region size 1024K, 2 young (2048K), 2 survivors (2048K)
 Metaspace       used 72441K, committed 73472K, reserved 1114112K
  class space    used 10659K, committed 11072K, reserved 1048576K
}
Event: 10473.452 GC heap before
{Heap before GC invocations=51 (full 0):
 garbage-first heap   total reserved 2015232K, committed 60416K, used 53313K [0x0000000085000000, 0x0000000100000000)
  region size 1024K, 25 young (25600K), 2 survivors (2048K)
 Metaspace       used 72439K, committed 73472K, reserved 1114112K
  class space    used 10659K, committed 11072K, reserved 1048576K
}
Event: 10473.488 GC heap after
{Heap after GC invocations=52 (full 0):
 garbage-first heap   total reserved 2015232K, committed 60416K, used 29519K [0x0000000085000000, 0x0000000100000000)
  region size 1024K, 1 young (1024K), 1 survivors (1024K)
 Metaspace       used 72439K, committed 73472K, reserved 1114112K
  class space    used 10659K, committed 11072K, reserved 1048576K
}
Event: 10989.881 GC heap before
{Heap before GC invocations=52 (full 0):
 garbage-first heap   total reserved 2015232K, committed 60416K, used 54095K [0x0000000085000000, 0x0000000100000000)
  region size 1024K, 25 young (25600K), 1 survivors (1024K)
 Metaspace       used 72441K, committed 73472K, reserved 1114112K
  class space    used 10659K, committed 11072K, reserved 1048576K
}
Event: 10989.950 GC heap after
{Heap after GC invocations=53 (full 0):
 garbage-first heap   total reserved 2015232K, committed 60416K, used 29343K [0x0000000085000000, 0x0000000100000000)
  region size 1024K, 1 young (1024K), 1 survivors (1024K)
 Metaspace       used 72441K, committed 73472K, reserved 1114112K
  class space    used 10659K, committed 11072K, reserved 1048576K
}
Event: 11310.446 GC heap before
{Heap before GC invocations=53 (full 0):
 garbage-first heap   total reserved 2015232K, committed 60416K, used 54943K [0x0000000085000000, 0x0000000100000000)
  region size 1024K, 26 young (26624K), 1 survivors (1024K)
 Metaspace       used 72444K, committed 73472K, reserved 1114112K
  class space    used 10660K, committed 11072K, reserved 1048576K
}
Event: 11310.470 GC heap after
{Heap after GC invocations=54 (full 0):
 garbage-first heap   total reserved 2015232K, committed 60416K, used 29782K [0x0000000085000000, 0x0000000100000000)
  region size 1024K, 2 young (2048K), 2 survivors (2048K)
 Metaspace       used 72444K, committed 73472K, reserved 1114112K
  class space    used 10660K, committed 11072K, reserved 1048576K
}
Event: 11812.449 GC heap before
{Heap before GC invocations=55 (full 0):
 garbage-first heap   total reserved 2015232K, committed 60416K, used 53334K [0x0000000085000000, 0x0000000100000000)
  region size 1024K, 25 young (25600K), 2 survivors (2048K)
 Metaspace       used 72426K, committed 73472K, reserved 1114112K
  class space    used 10655K, committed 11072K, reserved 1048576K
}
Event: 11812.492 GC heap after
{Heap after GC invocations=56 (full 0):
 garbage-first heap   total reserved 2015232K, committed 60416K, used 29349K [0x0000000085000000, 0x0000000100000000)
  region size 1024K, 1 young (1024K), 1 survivors (1024K)
 Metaspace       used 72426K, committed 73472K, reserved 1114112K
  class space    used 10655K, committed 11072K, reserved 1048576K
}
Event: 12259.015 GC heap before
{Heap before GC invocations=56 (full 0):
 garbage-first heap   total reserved 2015232K, committed 60416K, used 53925K [0x0000000085000000, 0x0000000100000000)
  region size 1024K, 26 young (26624K), 1 survivors (1024K)
 Metaspace       used 72575K, committed 73536K, reserved 1114112K
  class space    used 10694K, committed 11072K, reserved 1048576K
}
Event: 12259.034 GC heap after
{Heap after GC invocations=57 (full 0):
 garbage-first heap   total reserved 2015232K, committed 60416K, used 28998K [0x0000000085000000, 0x0000000100000000)
  region size 1024K, 1 young (1024K), 1 survivors (1024K)
 Metaspace       used 72575K, committed 73536K, reserved 1114112K
  class space    used 10694K, committed 11072K, reserved 1048576K
}
Event: 12259.039 GC heap before
{Heap before GC invocations=57 (full 0):
 garbage-first heap   total reserved 2015232K, committed 60416K, used 28998K [0x0000000085000000, 0x0000000100000000)
  region size 1024K, 2 young (2048K), 1 survivors (1024K)
 Metaspace       used 72575K, committed 73536K, reserved 1114112K
  class space    used 10694K, committed 11072K, reserved 1048576K
}

