# JRE version: Java(TM) SE Runtime Environment (23.0.1+11) (build 23.0.1+11-39)
# Java VM: Java HotSpot(TM) 64-Bit Server VM (23.0.1+11-39, mixed mode, emulated-client, sharing, tiered, compressed oops, compressed class ptrs, g1 gc, windows-amd64)
GC Precious Log:
 CardTable entry size: 512
 Card Set container configuration: InlinePtr #cards 5 size 8 Array Of Cards #cards 10 size 36 Howl #buckets 4 coarsen threshold 1843 Howl Bitmap #cards 512 size 80 coarsen threshold 460 Card regions per heap region 1 cards per card region 2048
 CPUs: 8 total, 8 available
 Memory: 7865M
 Large Page Support: Disabled
 NUMA Support: Disabled
 Compressed Oops: Enabled (32-bit)
 Heap Region Size: 1M
 Heap Min Capacity: 8M
 Heap Initial Capacity: 124M
 Heap Max Capacity: 1968M
 Pre-touch: Disabled
 Parallel Workers: 8
 Concurrent Workers: 2
 Concurrent Refinement Workers: 8
 Periodic GC: Disabled
Heap:
 garbage-first heap   total reserved 2015232K, committed 63488K, used 39636K [0x0000000085000000, 0x0000000100000000)
  region size 1024K, 12 young (12288K), 2 survivors (2048K)
 Metaspace       used 72656K, committed 73280K, reserved 1114112K
  class space    used 10721K, committed 11008K, reserved 1048576K
GC Heap History (20 events):
Event: 3458.909 GC heap after
{Heap after GC invocations=31 (full 0):
 garbage-first heap   total reserved 2015232K, committed 63488K, used 31843K [0x0000000085000000, 0x0000000100000000)
  region size 1024K, 2 young (2048K), 2 survivors (2048K)
 Metaspace       used 71680K, committed 72768K, reserved 1114112K
  class space    used 10552K, committed 11008K, reserved 1048576K
}
Event: 3984.941 GC heap before
{Heap before GC invocations=32 (full 0):
 garbage-first heap   total reserved 2015232K, committed 63488K, used 56419K [0x0000000085000000, 0x0000000100000000)
  region size 1024K, 26 young (26624K), 2 survivors (2048K)
 Metaspace       used 71680K, committed 72768K, reserved 1114112K
  class space    used 10552K, committed 11008K, reserved 1048576K
}
Event: 3984.953 GC heap after
{Heap after GC invocations=33 (full 0):
 garbage-first heap   total reserved 2015232K, committed 63488K, used 31703K [0x0000000085000000, 0x0000000100000000)
  region size 1024K, 2 young (2048K), 2 survivors (2048K)
 Metaspace       used 71680K, committed 72768K, reserved 1114112K
  class space    used 10552K, committed 11008K, reserved 1048576K
}
Event: 4511.807 GC heap before
{Heap before GC invocations=33 (full 0):
 garbage-first heap   total reserved 2015232K, committed 63488K, used 56279K [0x0000000085000000, 0x0000000100000000)
  region size 1024K, 26 young (26624K), 2 survivors (2048K)
 Metaspace       used 71680K, committed 72768K, reserved 1114112K
  class space    used 10552K, committed 11008K, reserved 1048576K
}
Event: 4511.843 GC heap after
{Heap after GC invocations=34 (full 0):
 garbage-first heap   total reserved 2015232K, committed 63488K, used 30370K [0x0000000085000000, 0x0000000100000000)
  region size 1024K, 2 young (2048K), 2 survivors (2048K)
 Metaspace       used 71680K, committed 72768K, reserved 1114112K
  class space    used 10552K, committed 11008K, reserved 1048576K
}
Event: 5042.052 GC heap before
{Heap before GC invocations=34 (full 0):
 garbage-first heap   total reserved 2015232K, committed 63488K, used 54946K [0x0000000085000000, 0x0000000100000000)
  region size 1024K, 27 young (27648K), 2 survivors (2048K)
 Metaspace       used 71680K, committed 72768K, reserved 1114112K
  class space    used 10552K, committed 11008K, reserved 1048576K
}
Event: 5042.096 GC heap after
{Heap after GC invocations=35 (full 0):
 garbage-first heap   total reserved 2015232K, committed 63488K, used 30428K [0x0000000085000000, 0x0000000100000000)
  region size 1024K, 2 young (2048K), 2 survivors (2048K)
 Metaspace       used 71680K, committed 72768K, reserved 1114112K
  class space    used 10552K, committed 11008K, reserved 1048576K
}
Event: 5591.858 GC heap before
{Heap before GC invocations=36 (full 0):
 garbage-first heap   total reserved 2015232K, committed 63488K, used 56028K [0x0000000085000000, 0x0000000100000000)
  region size 1024K, 27 young (27648K), 2 survivors (2048K)
 Metaspace       used 71680K, committed 72768K, reserved 1114112K
  class space    used 10552K, committed 11008K, reserved 1048576K
}
Event: 5591.885 GC heap after
{Heap after GC invocations=37 (full 0):
 garbage-first heap   total reserved 2015232K, committed 63488K, used 30334K [0x0000000085000000, 0x0000000100000000)
  region size 1024K, 1 young (1024K), 1 survivors (1024K)
 Metaspace       used 71680K, committed 72768K, reserved 1114112K
  class space    used 10552K, committed 11008K, reserved 1048576K
}
Event: 6177.851 GC heap before
{Heap before GC invocations=37 (full 0):
 garbage-first heap   total reserved 2015232K, committed 63488K, used 56958K [0x0000000085000000, 0x0000000100000000)
  region size 1024K, 28 young (28672K), 1 survivors (1024K)
 Metaspace       used 71680K, committed 72768K, reserved 1114112K
  class space    used 10552K, committed 11008K, reserved 1048576K
}
Event: 6177.887 GC heap after
{Heap after GC invocations=38 (full 0):
 garbage-first heap   total reserved 2015232K, committed 63488K, used 29740K [0x0000000085000000, 0x0000000100000000)
  region size 1024K, 2 young (2048K), 2 survivors (2048K)
 Metaspace       used 71680K, committed 72768K, reserved 1114112K
  class space    used 10552K, committed 11008K, reserved 1048576K
}
Event: 6725.030 GC heap before
{Heap before GC invocations=38 (full 0):
 garbage-first heap   total reserved 2015232K, committed 63488K, used 56364K [0x0000000085000000, 0x0000000100000000)
  region size 1024K, 28 young (28672K), 2 survivors (2048K)
 Metaspace       used 71680K, committed 72768K, reserved 1114112K
  class space    used 10552K, committed 11008K, reserved 1048576K
}
Event: 6725.075 GC heap after
{Heap after GC invocations=39 (full 0):
 garbage-first heap   total reserved 2015232K, committed 63488K, used 29786K [0x0000000085000000, 0x0000000100000000)
  region size 1024K, 2 young (2048K), 2 survivors (2048K)
 Metaspace       used 71680K, committed 72768K, reserved 1114112K
  class space    used 10552K, committed 11008K, reserved 1048576K
}
Event: 7301.473 GC heap before
{Heap before GC invocations=40 (full 0):
 garbage-first heap   total reserved 2015232K, committed 63488K, used 55386K [0x0000000085000000, 0x0000000100000000)
  region size 1024K, 28 young (28672K), 2 survivors (2048K)
 Metaspace       used 71680K, committed 72768K, reserved 1114112K
  class space    used 10552K, committed 11008K, reserved 1048576K
}
Event: 7301.507 GC heap after
{Heap after GC invocations=41 (full 0):
 garbage-first heap   total reserved 2015232K, committed 63488K, used 29664K [0x0000000085000000, 0x0000000100000000)
  region size 1024K, 1 young (1024K), 1 survivors (1024K)
 Metaspace       used 71680K, committed 72768K, reserved 1114112K
  class space    used 10552K, committed 11008K, reserved 1048576K
}
Event: 9109.957 GC heap before
{Heap before GC invocations=41 (full 0):
 garbage-first heap   total reserved 2015232K, committed 63488K, used 58336K [0x0000000085000000, 0x0000000100000000)
  region size 1024K, 29 young (29696K), 1 survivors (1024K)
 Metaspace       used 71682K, committed 72768K, reserved 1114112K
  class space    used 10553K, committed 11008K, reserved 1048576K
}
Event: 9110.027 GC heap after
{Heap after GC invocations=42 (full 0):
 garbage-first heap   total reserved 2015232K, committed 63488K, used 29378K [0x0000000085000000, 0x0000000100000000)
  region size 1024K, 2 young (2048K), 2 survivors (2048K)
 Metaspace       used 71682K, committed 72768K, reserved 1114112K
  class space    used 10553K, committed 11008K, reserved 1048576K
}
Event: 9478.393 GC heap before
{Heap before GC invocations=42 (full 0):
 garbage-first heap   total reserved 2015232K, committed 63488K, used 54978K [0x0000000085000000, 0x0000000100000000)
  region size 1024K, 28 young (28672K), 2 survivors (2048K)
 Metaspace       used 72498K, committed 73152K, reserved 1114112K
  class space    used 10679K, committed 11008K, reserved 1048576K
}
Event: 9478.412 GC heap after
{Heap after GC invocations=43 (full 0):
 garbage-first heap   total reserved 2015232K, committed 63488K, used 30420K [0x0000000085000000, 0x0000000100000000)
  region size 1024K, 2 young (2048K), 2 survivors (2048K)
 Metaspace       used 72498K, committed 73152K, reserved 1114112K
  class space    used 10679K, committed 11008K, reserved 1048576K
}
Event: 9648.674 GC heap before
{Heap before GC invocations=44 (full 0):
 garbage-first heap   total reserved 2015232K, committed 63488K, used 39636K [0x0000000085000000, 0x0000000100000000)
  region size 1024K, 12 young (12288K), 2 survivors (2048K)
 Metaspace       used 72656K, committed 73280K, reserved 1114112K
  class space    used 10721K, committed 11008K, reserved 1048576K
}

