# JRE version: Java(TM) SE Runtime Environment (23.0.1+11) (build 23.0.1+11-39)
# Java VM: Java HotSpot(TM) 64-Bit Server VM (23.0.1+11-39, mixed mode, sharing, tiered, compressed oops, compressed class ptrs, parallel gc, windows-amd64)
GC Precious Log:
 CardTable entry size: 512
 CPUs: 8 total, 8 available
 Memory: 7865M
 Large Page Support: Disabled
 NUMA Support: Disabled
 Compressed Oops: Enabled (32-bit)
 Alignments: Space 512K, Generation 512K, Heap 2M
 Heap Min Capacity: 100M
 Heap Initial Capacity: 100M
 Heap Max Capacity: 1G
 Pre-touch: Disabled
 Parallel Workers: 8
Heap:
 PSYoungGen      total 32256K, used 4275K [0x00000000eab00000, 0x00000000ecc00000, 0x0000000100000000)
  eden space 30208K, 10% used [0x00000000eab00000,0x00000000eae0cdf0,0x00000000ec880000)
  from space 2048K, 56% used [0x00000000eca00000,0x00000000ecb20000,0x00000000ecc00000)
  to   space 1536K, 0% used [0x00000000ec880000,0x00000000ec880000,0x00000000eca00000)
 ParOldGen       total 68608K, used 19230K [0x00000000c0000000, 0x00000000c4300000, 0x00000000eab00000)
  object space 68608K, 28% used [0x00000000c0000000,0x00000000c12c7b70,0x00000000c4300000)
 Metaspace       used 40052K, committed 41152K, reserved 1114112K
  class space    used 4341K, committed 4800K, reserved 1048576K
GC Heap History (20 events):
Event: 2.553 GC heap before
{Heap before GC invocations=4 (full 0):
 PSYoungGen      total 29696K, used 29665K [0x00000000eab00000, 0x00000000ecc00000, 0x0000000100000000)
  eden space 25600K, 100% used [0x00000000eab00000,0x00000000ec400000,0x00000000ec400000)
  from space 4096K, 99% used [0x00000000ec400000,0x00000000ec7f86b0,0x00000000ec800000)
  to   space 4096K, 0% used [0x00000000ec800000,0x00000000ec800000,0x00000000ecc00000)
 ParOldGen       total 68608K, used 5886K [0x00000000c0000000, 0x00000000c4300000, 0x00000000eab00000)
  object space 68608K, 8% used [0x00000000c0000000,0x00000000c05bfab8,0x00000000c4300000)
 Metaspace       used 12983K, committed 13504K, reserved 1114112K
  class space    used 1365K, committed 1600K, reserved 1048576K
}
Event: 2.557 GC heap after
{Heap after GC invocations=4 (full 0):
 PSYoungGen      total 29696K, used 4075K [0x00000000eab00000, 0x00000000ecc00000, 0x0000000100000000)
  eden space 25600K, 0% used [0x00000000eab00000,0x00000000eab00000,0x00000000ec400000)
  from space 4096K, 99% used [0x00000000ec800000,0x00000000ecbfadd8,0x00000000ecc00000)
  to   space 4096K, 0% used [0x00000000ec400000,0x00000000ec400000,0x00000000ec800000)
 ParOldGen       total 68608K, used 6782K [0x00000000c0000000, 0x00000000c4300000, 0x00000000eab00000)
  object space 68608K, 9% used [0x00000000c0000000,0x00000000c069f980,0x00000000c4300000)
 Metaspace       used 12983K, committed 13504K, reserved 1114112K
  class space    used 1365K, committed 1600K, reserved 1048576K
}
Event: 2.961 GC heap before
{Heap before GC invocations=5 (full 0):
 PSYoungGen      total 29696K, used 29675K [0x00000000eab00000, 0x00000000ecc00000, 0x0000000100000000)
  eden space 25600K, 100% used [0x00000000eab00000,0x00000000ec400000,0x00000000ec400000)
  from space 4096K, 99% used [0x00000000ec800000,0x00000000ecbfadd8,0x00000000ecc00000)
  to   space 4096K, 0% used [0x00000000ec400000,0x00000000ec400000,0x00000000ec800000)
 ParOldGen       total 68608K, used 6782K [0x00000000c0000000, 0x00000000c4300000, 0x00000000eab00000)
  object space 68608K, 9% used [0x00000000c0000000,0x00000000c069f980,0x00000000c4300000)
 Metaspace       used 16618K, committed 17216K, reserved 1114112K
  class space    used 1742K, committed 1984K, reserved 1048576K
}
Event: 2.966 GC heap after
{Heap after GC invocations=5 (full 0):
 PSYoungGen      total 29184K, used 4089K [0x00000000eab00000, 0x00000000ece80000, 0x0000000100000000)
  eden space 25088K, 0% used [0x00000000eab00000,0x00000000eab00000,0x00000000ec380000)
  from space 4096K, 99% used [0x00000000ec400000,0x00000000ec7fe4e0,0x00000000ec800000)
  to   space 5632K, 0% used [0x00000000ec900000,0x00000000ec900000,0x00000000ece80000)
 ParOldGen       total 68608K, used 7827K [0x00000000c0000000, 0x00000000c4300000, 0x00000000eab00000)
  object space 68608K, 11% used [0x00000000c0000000,0x00000000c07a4ca0,0x00000000c4300000)
 Metaspace       used 16618K, committed 17216K, reserved 1114112K
  class space    used 1742K, committed 1984K, reserved 1048576K
}
Event: 3.205 GC heap before
{Heap before GC invocations=6 (full 0):
 PSYoungGen      total 29184K, used 29177K [0x00000000eab00000, 0x00000000ece80000, 0x0000000100000000)
  eden space 25088K, 100% used [0x00000000eab00000,0x00000000ec380000,0x00000000ec380000)
  from space 4096K, 99% used [0x00000000ec400000,0x00000000ec7fe4e0,0x00000000ec800000)
  to   space 5632K, 0% used [0x00000000ec900000,0x00000000ec900000,0x00000000ece80000)
 ParOldGen       total 68608K, used 7827K [0x00000000c0000000, 0x00000000c4300000, 0x00000000eab00000)
  object space 68608K, 11% used [0x00000000c0000000,0x00000000c07a4ca0,0x00000000c4300000)
 Metaspace       used 18995K, committed 19712K, reserved 1114112K
  class space    used 2008K, committed 2304K, reserved 1048576K
}
Event: 3.207 GC heap after
{Heap after GC invocations=6 (full 0):
 PSYoungGen      total 29696K, used 5028K [0x00000000eab00000, 0x00000000ece00000, 0x0000000100000000)
  eden space 24576K, 0% used [0x00000000eab00000,0x00000000eab00000,0x00000000ec300000)
  from space 5120K, 98% used [0x00000000ec900000,0x00000000ecde9018,0x00000000ece00000)
  to   space 5120K, 0% used [0x00000000ec400000,0x00000000ec400000,0x00000000ec900000)
 ParOldGen       total 68608K, used 7835K [0x00000000c0000000, 0x00000000c4300000, 0x00000000eab00000)
  object space 68608K, 11% used [0x00000000c0000000,0x00000000c07a6ca0,0x00000000c4300000)
 Metaspace       used 18995K, committed 19712K, reserved 1114112K
  class space    used 2008K, committed 2304K, reserved 1048576K
}
Event: 3.304 GC heap before
{Heap before GC invocations=7 (full 1):
 PSYoungGen      total 29696K, used 26083K [0x00000000eab00000, 0x00000000ece00000, 0x0000000100000000)
  eden space 24576K, 85% used [0x00000000eab00000,0x00000000ebf8ffd0,0x00000000ec300000)
  from space 5120K, 98% used [0x00000000ec900000,0x00000000ecde9018,0x00000000ece00000)
  to   space 5120K, 0% used [0x00000000ec400000,0x00000000ec400000,0x00000000ec900000)
 ParOldGen       total 68608K, used 7835K [0x00000000c0000000, 0x00000000c4300000, 0x00000000eab00000)
  object space 68608K, 11% used [0x00000000c0000000,0x00000000c07a6ca0,0x00000000c4300000)
 Metaspace       used 20804K, committed 21504K, reserved 1114112K
  class space    used 2138K, committed 2432K, reserved 1048576K
}
Event: 3.321 GC heap after
{Heap after GC invocations=7 (full 1):
 PSYoungGen      total 29696K, used 0K [0x00000000eab00000, 0x00000000ece00000, 0x0000000100000000)
  eden space 24576K, 0% used [0x00000000eab00000,0x00000000eab00000,0x00000000ec300000)
  from space 5120K, 0% used [0x00000000ec900000,0x00000000ec900000,0x00000000ece00000)
  to   space 5120K, 0% used [0x00000000ec400000,0x00000000ec400000,0x00000000ec900000)
 ParOldGen       total 68608K, used 13470K [0x00000000c0000000, 0x00000000c4300000, 0x00000000eab00000)
  object space 68608K, 19% used [0x00000000c0000000,0x00000000c0d27808,0x00000000c4300000)
 Metaspace       used 20792K, committed 21504K, reserved 1114112K
  class space    used 2134K, committed 2432K, reserved 1048576K
}
Event: 3.489 GC heap before
{Heap before GC invocations=8 (full 1):
 PSYoungGen      total 29696K, used 24576K [0x00000000eab00000, 0x00000000ece00000, 0x0000000100000000)
  eden space 24576K, 100% used [0x00000000eab00000,0x00000000ec300000,0x00000000ec300000)
  from space 5120K, 0% used [0x00000000ec900000,0x00000000ec900000,0x00000000ece00000)
  to   space 5120K, 0% used [0x00000000ec400000,0x00000000ec400000,0x00000000ec900000)
 ParOldGen       total 68608K, used 13470K [0x00000000c0000000, 0x00000000c4300000, 0x00000000eab00000)
  object space 68608K, 19% used [0x00000000c0000000,0x00000000c0d27808,0x00000000c4300000)
 Metaspace       used 24288K, committed 25024K, reserved 1114112K
  class space    used 2406K, committed 2688K, reserved 1048576K
}
Event: 3.491 GC heap after
{Heap after GC invocations=8 (full 1):
 PSYoungGen      total 28160K, used 2058K [0x00000000eab00000, 0x00000000ecc00000, 0x0000000100000000)
  eden space 25600K, 0% used [0x00000000eab00000,0x00000000eab00000,0x00000000ec400000)
  from space 2560K, 80% used [0x00000000ec400000,0x00000000ec602ab0,0x00000000ec680000)
  to   space 3584K, 0% used [0x00000000ec880000,0x00000000ec880000,0x00000000ecc00000)
 ParOldGen       total 68608K, used 13470K [0x00000000c0000000, 0x00000000c4300000, 0x00000000eab00000)
  object space 68608K, 19% used [0x00000000c0000000,0x00000000c0d27808,0x00000000c4300000)
 Metaspace       used 24288K, committed 25024K, reserved 1114112K
  class space    used 2406K, committed 2688K, reserved 1048576K
}
Event: 3.692 GC heap before
{Heap before GC invocations=9 (full 1):
 PSYoungGen      total 28160K, used 27658K [0x00000000eab00000, 0x00000000ecc00000, 0x0000000100000000)
  eden space 25600K, 100% used [0x00000000eab00000,0x00000000ec400000,0x00000000ec400000)
  from space 2560K, 80% used [0x00000000ec400000,0x00000000ec602ab0,0x00000000ec680000)
  to   space 3584K, 0% used [0x00000000ec880000,0x00000000ec880000,0x00000000ecc00000)
 ParOldGen       total 68608K, used 13470K [0x00000000c0000000, 0x00000000c4300000, 0x00000000eab00000)
  object space 68608K, 19% used [0x00000000c0000000,0x00000000c0d27808,0x00000000c4300000)
 Metaspace       used 26777K, committed 27584K, reserved 1114112K
  class space    used 2626K, committed 2944K, reserved 1048576K
}
Event: 3.694 GC heap after
{Heap after GC invocations=9 (full 1):
 PSYoungGen      total 30208K, used 2996K [0x00000000eab00000, 0x00000000ecc00000, 0x0000000100000000)
  eden space 26624K, 0% used [0x00000000eab00000,0x00000000eab00000,0x00000000ec500000)
  from space 3584K, 83% used [0x00000000ec880000,0x00000000ecb6d278,0x00000000ecc00000)
  to   space 3584K, 0% used [0x00000000ec500000,0x00000000ec500000,0x00000000ec880000)
 ParOldGen       total 68608K, used 13478K [0x00000000c0000000, 0x00000000c4300000, 0x00000000eab00000)
  object space 68608K, 19% used [0x00000000c0000000,0x00000000c0d29808,0x00000000c4300000)
 Metaspace       used 26777K, committed 27584K, reserved 1114112K
  class space    used 2626K, committed 2944K, reserved 1048576K
}
Event: 3.981 GC heap before
{Heap before GC invocations=10 (full 1):
 PSYoungGen      total 30208K, used 29620K [0x00000000eab00000, 0x00000000ecc00000, 0x0000000100000000)
  eden space 26624K, 100% used [0x00000000eab00000,0x00000000ec500000,0x00000000ec500000)
  from space 3584K, 83% used [0x00000000ec880000,0x00000000ecb6d278,0x00000000ecc00000)
  to   space 3584K, 0% used [0x00000000ec500000,0x00000000ec500000,0x00000000ec880000)
 ParOldGen       total 68608K, used 13478K [0x00000000c0000000, 0x00000000c4300000, 0x00000000eab00000)
  object space 68608K, 19% used [0x00000000c0000000,0x00000000c0d29808,0x00000000c4300000)
 Metaspace       used 30844K, committed 31744K, reserved 1114112K
  class space    used 3113K, committed 3456K, reserved 1048576K
}
Event: 3.983 GC heap after
{Heap after GC invocations=10 (full 1):
 PSYoungGen      total 29696K, used 3533K [0x00000000eab00000, 0x00000000ecc80000, 0x0000000100000000)
  eden space 26112K, 0% used [0x00000000eab00000,0x00000000eab00000,0x00000000ec480000)
  from space 3584K, 98% used [0x00000000ec500000,0x00000000ec873518,0x00000000ec880000)
  to   space 4096K, 0% used [0x00000000ec880000,0x00000000ec880000,0x00000000ecc80000)
 ParOldGen       total 68608K, used 14267K [0x00000000c0000000, 0x00000000c4300000, 0x00000000eab00000)
  object space 68608K, 20% used [0x00000000c0000000,0x00000000c0deed18,0x00000000c4300000)
 Metaspace       used 30844K, committed 31744K, reserved 1114112K
  class space    used 3113K, committed 3456K, reserved 1048576K
}
Event: 4.218 GC heap before
{Heap before GC invocations=11 (full 1):
 PSYoungGen      total 29696K, used 29644K [0x00000000eab00000, 0x00000000ecc80000, 0x0000000100000000)
  eden space 26112K, 99% used [0x00000000eab00000,0x00000000ec47fc68,0x00000000ec480000)
  from space 3584K, 98% used [0x00000000ec500000,0x00000000ec873518,0x00000000ec880000)
  to   space 4096K, 0% used [0x00000000ec880000,0x00000000ec880000,0x00000000ecc80000)
 ParOldGen       total 68608K, used 14267K [0x00000000c0000000, 0x00000000c4300000, 0x00000000eab00000)
  object space 68608K, 20% used [0x00000000c0000000,0x00000000c0deed18,0x00000000c4300000)
 Metaspace       used 34176K, committed 35136K, reserved 1114112K
  class space    used 3525K, committed 3904K, reserved 1048576K
}
Event: 4.221 GC heap after
{Heap after GC invocations=11 (full 1):
 PSYoungGen      total 30720K, used 2517K [0x00000000eab00000, 0x00000000ecc00000, 0x0000000100000000)
  eden space 27136K, 0% used [0x00000000eab00000,0x00000000eab00000,0x00000000ec580000)
  from space 3584K, 70% used [0x00000000ec880000,0x00000000ecaf5570,0x00000000ecc00000)
  to   space 3072K, 0% used [0x00000000ec580000,0x00000000ec580000,0x00000000ec880000)
 ParOldGen       total 68608K, used 16331K [0x00000000c0000000, 0x00000000c4300000, 0x00000000eab00000)
  object space 68608K, 23% used [0x00000000c0000000,0x00000000c0ff2f40,0x00000000c4300000)
 Metaspace       used 34176K, committed 35136K, reserved 1114112K
  class space    used 3525K, committed 3904K, reserved 1048576K
}
Event: 4.267 GC heap before
{Heap before GC invocations=12 (full 2):
 PSYoungGen      total 30720K, used 7511K [0x00000000eab00000, 0x00000000ecc00000, 0x0000000100000000)
  eden space 27136K, 18% used [0x00000000eab00000,0x00000000eafe0848,0x00000000ec580000)
  from space 3584K, 70% used [0x00000000ec880000,0x00000000ecaf5570,0x00000000ecc00000)
  to   space 3072K, 0% used [0x00000000ec580000,0x00000000ec580000,0x00000000ec880000)
 ParOldGen       total 68608K, used 16331K [0x00000000c0000000, 0x00000000c4300000, 0x00000000eab00000)
  object space 68608K, 23% used [0x00000000c0000000,0x00000000c0ff2f40,0x00000000c4300000)
 Metaspace       used 34881K, committed 35840K, reserved 1114112K
  class space    used 3646K, committed 4032K, reserved 1048576K
}
Event: 4.285 GC heap after
{Heap after GC invocations=12 (full 2):
 PSYoungGen      total 30720K, used 0K [0x00000000eab00000, 0x00000000ecc00000, 0x0000000100000000)
  eden space 27136K, 0% used [0x00000000eab00000,0x00000000eab00000,0x00000000ec580000)
  from space 3584K, 0% used [0x00000000ec880000,0x00000000ec880000,0x00000000ecc00000)
  to   space 3072K, 0% used [0x00000000ec580000,0x00000000ec580000,0x00000000ec880000)
 ParOldGen       total 68608K, used 18646K [0x00000000c0000000, 0x00000000c4300000, 0x00000000eab00000)
  object space 68608K, 27% used [0x00000000c0000000,0x00000000c1235b70,0x00000000c4300000)
 Metaspace       used 34881K, committed 35840K, reserved 1114112K
  class space    used 3646K, committed 4032K, reserved 1048576K
}
Event: 4.540 GC heap before
{Heap before GC invocations=13 (full 2):
 PSYoungGen      total 30720K, used 27128K [0x00000000eab00000, 0x00000000ecc00000, 0x0000000100000000)
  eden space 27136K, 99% used [0x00000000eab00000,0x00000000ec57e308,0x00000000ec580000)
  from space 3584K, 0% used [0x00000000ec880000,0x00000000ec880000,0x00000000ecc00000)
  to   space 3072K, 0% used [0x00000000ec580000,0x00000000ec580000,0x00000000ec880000)
 ParOldGen       total 68608K, used 18646K [0x00000000c0000000, 0x00000000c4300000, 0x00000000eab00000)
  object space 68608K, 27% used [0x00000000c0000000,0x00000000c1235b70,0x00000000c4300000)
 Metaspace       used 36714K, committed 37824K, reserved 1114112K
  class space    used 3901K, committed 4352K, reserved 1048576K
}
Event: 4.541 GC heap after
{Heap after GC invocations=13 (full 2):
 PSYoungGen      total 30208K, used 884K [0x00000000eab00000, 0x00000000ecc00000, 0x0000000100000000)
  eden space 27136K, 0% used [0x00000000eab00000,0x00000000eab00000,0x00000000ec580000)
  from space 3072K, 28% used [0x00000000ec580000,0x00000000ec65d380,0x00000000ec880000)
  to   space 2048K, 0% used [0x00000000eca00000,0x00000000eca00000,0x00000000ecc00000)
 ParOldGen       total 68608K, used 18654K [0x00000000c0000000, 0x00000000c4300000, 0x00000000eab00000)
  object space 68608K, 27% used [0x00000000c0000000,0x00000000c1237b70,0x00000000c4300000)
 Metaspace       used 36714K, committed 37824K, reserved 1114112K
  class space    used 3901K, committed 4352K, reserved 1048576K
}

