# JRE version: Java(TM) SE Runtime Environment (23.0.1+11) (build 23.0.1+11-39)
# Java VM: Java HotSpot(TM) 64-Bit Server VM (23.0.1+11-39, mixed mode, sharing, tiered, compressed oops, compressed class ptrs, parallel gc, windows-amd64)
GC Precious Log:
 CardTable entry size: 512
 CPUs: 8 total, 8 available
 Memory: 7865M
 Large Page Support: Disabled
 NUMA Support: Disabled
 Compressed Oops: Enabled (32-bit)
 Alignments: Space 512K, Generation 512K, Heap 2M
 Heap Min Capacity: 100M
 Heap Initial Capacity: 100M
 Heap Max Capacity: 1G
 Pre-touch: Disabled
 Parallel Workers: 8
Heap:
 PSYoungGen      total 30208K, used 19373K [0x00000000eab00000, 0x00000000ecc00000, 0x0000000100000000)
  eden space 27648K, 66% used [0x00000000eab00000,0x00000000ebcfb720,0x00000000ec600000)
  from space 2560K, 37% used [0x00000000ec600000,0x00000000ec6f0000,0x00000000ec880000)
  to   space 1536K, 0% used [0x00000000eca80000,0x00000000eca80000,0x00000000ecc00000)
 ParOldGen       total 68608K, used 25304K [0x00000000c0000000, 0x00000000c4300000, 0x00000000eab00000)
  object space 68608K, 36% used [0x00000000c0000000,0x00000000c18b61f0,0x00000000c4300000)
 Metaspace       used 42693K, committed 43968K, reserved 1114112K
  class space    used 4634K, committed 5184K, reserved 1048576K
GC Heap History (20 events):
Event: 7.815 GC heap before
{Heap before GC invocations=6 (full 0):
 PSYoungGen      total 29184K, used 29176K [0x00000000eab00000, 0x00000000ecf80000, 0x0000000100000000)
  eden space 25088K, 100% used [0x00000000eab00000,0x00000000ec380000,0x00000000ec380000)
  from space 4096K, 99% used [0x00000000ec400000,0x00000000ec7fe3e0,0x00000000ec800000)
  to   space 6144K, 0% used [0x00000000ec980000,0x00000000ec980000,0x00000000ecf80000)
 ParOldGen       total 68608K, used 8207K [0x00000000c0000000, 0x00000000c4300000, 0x00000000eab00000)
  object space 68608K, 11% used [0x00000000c0000000,0x00000000c0803cd8,0x00000000c4300000)
 Metaspace       used 19139K, committed 19840K, reserved 1114112K
  class space    used 2021K, committed 2304K, reserved 1048576K
}
Event: 7.819 GC heap after
{Heap after GC invocations=6 (full 0):
 PSYoungGen      total 29696K, used 4915K [0x00000000eab00000, 0x00000000ece80000, 0x0000000100000000)
  eden space 24576K, 0% used [0x00000000eab00000,0x00000000eab00000,0x00000000ec300000)
  from space 5120K, 96% used [0x00000000ec980000,0x00000000ece4ce80,0x00000000ece80000)
  to   space 5632K, 0% used [0x00000000ec380000,0x00000000ec380000,0x00000000ec900000)
 ParOldGen       total 68608K, used 8215K [0x00000000c0000000, 0x00000000c4300000, 0x00000000eab00000)
  object space 68608K, 11% used [0x00000000c0000000,0x00000000c0805cd8,0x00000000c4300000)
 Metaspace       used 19139K, committed 19840K, reserved 1114112K
  class space    used 2021K, committed 2304K, reserved 1048576K
}
Event: 7.957 GC heap before
{Heap before GC invocations=7 (full 1):
 PSYoungGen      total 29696K, used 21213K [0x00000000eab00000, 0x00000000ece80000, 0x0000000100000000)
  eden space 24576K, 66% used [0x00000000eab00000,0x00000000ebaea5e0,0x00000000ec300000)
  from space 5120K, 96% used [0x00000000ec980000,0x00000000ece4ce80,0x00000000ece80000)
  to   space 5632K, 0% used [0x00000000ec380000,0x00000000ec380000,0x00000000ec900000)
 ParOldGen       total 68608K, used 8215K [0x00000000c0000000, 0x00000000c4300000, 0x00000000eab00000)
  object space 68608K, 11% used [0x00000000c0000000,0x00000000c0805cd8,0x00000000c4300000)
 Metaspace       used 20696K, committed 21504K, reserved 1114112K
  class space    used 2207K, committed 2560K, reserved 1048576K
}
Event: 7.974 GC heap after
{Heap after GC invocations=7 (full 1):
 PSYoungGen      total 29696K, used 0K [0x00000000eab00000, 0x00000000ece80000, 0x0000000100000000)
  eden space 24576K, 0% used [0x00000000eab00000,0x00000000eab00000,0x00000000ec300000)
  from space 5120K, 0% used [0x00000000ec980000,0x00000000ec980000,0x00000000ece80000)
  to   space 5632K, 0% used [0x00000000ec380000,0x00000000ec380000,0x00000000ec900000)
 ParOldGen       total 68608K, used 14600K [0x00000000c0000000, 0x00000000c4300000, 0x00000000eab00000)
  object space 68608K, 21% used [0x00000000c0000000,0x00000000c0e42198,0x00000000c4300000)
 Metaspace       used 20683K, committed 21504K, reserved 1114112K
  class space    used 2204K, committed 2560K, reserved 1048576K
}
Event: 8.081 GC heap before
{Heap before GC invocations=8 (full 1):
 PSYoungGen      total 29696K, used 24558K [0x00000000eab00000, 0x00000000ece80000, 0x0000000100000000)
  eden space 24576K, 99% used [0x00000000eab00000,0x00000000ec2fba98,0x00000000ec300000)
  from space 5120K, 0% used [0x00000000ec980000,0x00000000ec980000,0x00000000ece80000)
  to   space 5632K, 0% used [0x00000000ec380000,0x00000000ec380000,0x00000000ec900000)
 ParOldGen       total 68608K, used 14600K [0x00000000c0000000, 0x00000000c4300000, 0x00000000eab00000)
  object space 68608K, 21% used [0x00000000c0000000,0x00000000c0e42198,0x00000000c4300000)
 Metaspace       used 23115K, committed 24064K, reserved 1114112K
  class space    used 2365K, committed 2752K, reserved 1048576K
}
Event: 8.082 GC heap after
{Heap after GC invocations=8 (full 1):
 PSYoungGen      total 30720K, used 659K [0x00000000eab00000, 0x00000000ecc00000, 0x0000000100000000)
  eden space 25088K, 0% used [0x00000000eab00000,0x00000000eab00000,0x00000000ec380000)
  from space 5632K, 11% used [0x00000000ec380000,0x00000000ec424eb0,0x00000000ec900000)
  to   space 2560K, 0% used [0x00000000ec980000,0x00000000ec980000,0x00000000ecc00000)
 ParOldGen       total 68608K, used 14600K [0x00000000c0000000, 0x00000000c4300000, 0x00000000eab00000)
  object space 68608K, 21% used [0x00000000c0000000,0x00000000c0e42198,0x00000000c4300000)
 Metaspace       used 23115K, committed 24064K, reserved 1114112K
  class space    used 2365K, committed 2752K, reserved 1048576K
}
Event: 8.283 GC heap before
{Heap before GC invocations=9 (full 1):
 PSYoungGen      total 30720K, used 25747K [0x00000000eab00000, 0x00000000ecc00000, 0x0000000100000000)
  eden space 25088K, 100% used [0x00000000eab00000,0x00000000ec380000,0x00000000ec380000)
  from space 5632K, 11% used [0x00000000ec380000,0x00000000ec424eb0,0x00000000ec900000)
  to   space 2560K, 0% used [0x00000000ec980000,0x00000000ec980000,0x00000000ecc00000)
 ParOldGen       total 68608K, used 14600K [0x00000000c0000000, 0x00000000c4300000, 0x00000000eab00000)
  object space 68608K, 21% used [0x00000000c0000000,0x00000000c0e42198,0x00000000c4300000)
 Metaspace       used 26251K, committed 27136K, reserved 1114112K
  class space    used 2614K, committed 2944K, reserved 1048576K
}
Event: 8.284 GC heap after
{Heap after GC invocations=9 (full 1):
 PSYoungGen      total 30208K, used 2495K [0x00000000eab00000, 0x00000000ecc00000, 0x0000000100000000)
  eden space 27648K, 0% used [0x00000000eab00000,0x00000000eab00000,0x00000000ec600000)
  from space 2560K, 97% used [0x00000000ec980000,0x00000000ecbefd40,0x00000000ecc00000)
  to   space 3072K, 0% used [0x00000000ec600000,0x00000000ec600000,0x00000000ec900000)
 ParOldGen       total 68608K, used 14600K [0x00000000c0000000, 0x00000000c4300000, 0x00000000eab00000)
  object space 68608K, 21% used [0x00000000c0000000,0x00000000c0e42198,0x00000000c4300000)
 Metaspace       used 26251K, committed 27136K, reserved 1114112K
  class space    used 2614K, committed 2944K, reserved 1048576K
}
Event: 8.673 GC heap before
{Heap before GC invocations=10 (full 1):
 PSYoungGen      total 30208K, used 30143K [0x00000000eab00000, 0x00000000ecc00000, 0x0000000100000000)
  eden space 27648K, 100% used [0x00000000eab00000,0x00000000ec600000,0x00000000ec600000)
  from space 2560K, 97% used [0x00000000ec980000,0x00000000ecbefd40,0x00000000ecc00000)
  to   space 3072K, 0% used [0x00000000ec600000,0x00000000ec600000,0x00000000ec900000)
 ParOldGen       total 68608K, used 14600K [0x00000000c0000000, 0x00000000c4300000, 0x00000000eab00000)
  object space 68608K, 21% used [0x00000000c0000000,0x00000000c0e42198,0x00000000c4300000)
 Metaspace       used 29290K, committed 30272K, reserved 1114112K
  class space    used 2896K, committed 3264K, reserved 1048576K
}
Event: 8.675 GC heap after
{Heap after GC invocations=10 (full 1):
 PSYoungGen      total 30208K, used 2999K [0x00000000eab00000, 0x00000000ecc80000, 0x0000000100000000)
  eden space 27136K, 0% used [0x00000000eab00000,0x00000000eab00000,0x00000000ec580000)
  from space 3072K, 97% used [0x00000000ec600000,0x00000000ec8eddd8,0x00000000ec900000)
  to   space 3584K, 0% used [0x00000000ec900000,0x00000000ec900000,0x00000000ecc80000)
 ParOldGen       total 68608K, used 15389K [0x00000000c0000000, 0x00000000c4300000, 0x00000000eab00000)
  object space 68608K, 22% used [0x00000000c0000000,0x00000000c0f076a8,0x00000000c4300000)
 Metaspace       used 29290K, committed 30272K, reserved 1114112K
  class space    used 2896K, committed 3264K, reserved 1048576K
}
Event: 8.980 GC heap before
{Heap before GC invocations=11 (full 1):
 PSYoungGen      total 30208K, used 30135K [0x00000000eab00000, 0x00000000ecc80000, 0x0000000100000000)
  eden space 27136K, 100% used [0x00000000eab00000,0x00000000ec580000,0x00000000ec580000)
  from space 3072K, 97% used [0x00000000ec600000,0x00000000ec8eddd8,0x00000000ec900000)
  to   space 3584K, 0% used [0x00000000ec900000,0x00000000ec900000,0x00000000ecc80000)
 ParOldGen       total 68608K, used 15389K [0x00000000c0000000, 0x00000000c4300000, 0x00000000eab00000)
  object space 68608K, 22% used [0x00000000c0000000,0x00000000c0f076a8,0x00000000c4300000)
 Metaspace       used 32278K, committed 33408K, reserved 1114112K
  class space    used 3255K, committed 3712K, reserved 1048576K
}
Event: 8.983 GC heap after
{Heap after GC invocations=11 (full 1):
 PSYoungGen      total 28160K, used 3561K [0x00000000eab00000, 0x00000000ed100000, 0x0000000100000000)
  eden space 24576K, 0% used [0x00000000eab00000,0x00000000eab00000,0x00000000ec300000)
  from space 3584K, 99% used [0x00000000ec900000,0x00000000ecc7a4e0,0x00000000ecc80000)
  to   space 6144K, 0% used [0x00000000ec300000,0x00000000ec300000,0x00000000ec900000)
 ParOldGen       total 68608K, used 17284K [0x00000000c0000000, 0x00000000c4300000, 0x00000000eab00000)
  object space 68608K, 25% used [0x00000000c0000000,0x00000000c10e11a8,0x00000000c4300000)
 Metaspace       used 32278K, committed 33408K, reserved 1114112K
  class space    used 3255K, committed 3712K, reserved 1048576K
}
Event: 9.126 GC heap before
{Heap before GC invocations=12 (full 2):
 PSYoungGen      total 28160K, used 26890K [0x00000000eab00000, 0x00000000ed100000, 0x0000000100000000)
  eden space 24576K, 94% used [0x00000000eab00000,0x00000000ec1c86c8,0x00000000ec300000)
  from space 3584K, 99% used [0x00000000ec900000,0x00000000ecc7a4e0,0x00000000ecc80000)
  to   space 6144K, 0% used [0x00000000ec300000,0x00000000ec300000,0x00000000ec900000)
 ParOldGen       total 68608K, used 17284K [0x00000000c0000000, 0x00000000c4300000, 0x00000000eab00000)
  object space 68608K, 25% used [0x00000000c0000000,0x00000000c10e11a8,0x00000000c4300000)
 Metaspace       used 34734K, committed 35840K, reserved 1114112K
  class space    used 3565K, committed 4032K, reserved 1048576K
}
Event: 9.150 GC heap after
{Heap after GC invocations=12 (full 2):
 PSYoungGen      total 28160K, used 0K [0x00000000eab00000, 0x00000000ed100000, 0x0000000100000000)
  eden space 24576K, 0% used [0x00000000eab00000,0x00000000eab00000,0x00000000ec300000)
  from space 3584K, 0% used [0x00000000ec900000,0x00000000ec900000,0x00000000ecc80000)
  to   space 6144K, 0% used [0x00000000ec300000,0x00000000ec300000,0x00000000ec900000)
 ParOldGen       total 68608K, used 22066K [0x00000000c0000000, 0x00000000c4300000, 0x00000000eab00000)
  object space 68608K, 32% used [0x00000000c0000000,0x00000000c158cb00,0x00000000c4300000)
 Metaspace       used 34734K, committed 35840K, reserved 1114112K
  class space    used 3565K, committed 4032K, reserved 1048576K
}
Event: 9.485 GC heap before
{Heap before GC invocations=13 (full 2):
 PSYoungGen      total 28160K, used 24576K [0x00000000eab00000, 0x00000000ed100000, 0x0000000100000000)
  eden space 24576K, 100% used [0x00000000eab00000,0x00000000ec300000,0x00000000ec300000)
  from space 3584K, 0% used [0x00000000ec900000,0x00000000ec900000,0x00000000ecc80000)
  to   space 6144K, 0% used [0x00000000ec300000,0x00000000ec300000,0x00000000ec900000)
 ParOldGen       total 68608K, used 22066K [0x00000000c0000000, 0x00000000c4300000, 0x00000000eab00000)
  object space 68608K, 32% used [0x00000000c0000000,0x00000000c158cb00,0x00000000c4300000)
 Metaspace       used 36745K, committed 37888K, reserved 1114112K
  class space    used 3862K, committed 4288K, reserved 1048576K
}
Event: 9.487 GC heap after
{Heap after GC invocations=13 (full 2):
 PSYoungGen      total 26624K, used 1821K [0x00000000eab00000, 0x00000000ecc00000, 0x0000000100000000)
  eden space 24576K, 0% used [0x00000000eab00000,0x00000000eab00000,0x00000000ec300000)
  from space 2048K, 88% used [0x00000000ec300000,0x00000000ec4c7678,0x00000000ec500000)
  to   space 3584K, 0% used [0x00000000ec880000,0x00000000ec880000,0x00000000ecc00000)
 ParOldGen       total 68608K, used 22074K [0x00000000c0000000, 0x00000000c4300000, 0x00000000eab00000)
  object space 68608K, 32% used [0x00000000c0000000,0x00000000c158eb00,0x00000000c4300000)
 Metaspace       used 36745K, committed 37888K, reserved 1114112K
  class space    used 3862K, committed 4288K, reserved 1048576K
}
Event: 9.750 GC heap before
{Heap before GC invocations=14 (full 2):
 PSYoungGen      total 26624K, used 26397K [0x00000000eab00000, 0x00000000ecc00000, 0x0000000100000000)
  eden space 24576K, 100% used [0x00000000eab00000,0x00000000ec300000,0x00000000ec300000)
  from space 2048K, 88% used [0x00000000ec300000,0x00000000ec4c7678,0x00000000ec500000)
  to   space 3584K, 0% used [0x00000000ec880000,0x00000000ec880000,0x00000000ecc00000)
 ParOldGen       total 68608K, used 22074K [0x00000000c0000000, 0x00000000c4300000, 0x00000000eab00000)
  object space 68608K, 32% used [0x00000000c0000000,0x00000000c158eb00,0x00000000c4300000)
 Metaspace       used 38524K, committed 39680K, reserved 1114112K
  class space    used 4088K, committed 4544K, reserved 1048576K
}
Event: 9.752 GC heap after
{Heap after GC invocations=14 (full 2):
 PSYoungGen      total 31232K, used 1869K [0x00000000eab00000, 0x00000000ecc00000, 0x0000000100000000)
  eden space 27648K, 0% used [0x00000000eab00000,0x00000000eab00000,0x00000000ec600000)
  from space 3584K, 52% used [0x00000000ec880000,0x00000000eca536d0,0x00000000ecc00000)
  to   space 2560K, 0% used [0x00000000ec600000,0x00000000ec600000,0x00000000ec880000)
 ParOldGen       total 68608K, used 23594K [0x00000000c0000000, 0x00000000c4300000, 0x00000000eab00000)
  object space 68608K, 34% used [0x00000000c0000000,0x00000000c170ab10,0x00000000c4300000)
 Metaspace       used 38524K, committed 39680K, reserved 1114112K
  class space    used 4088K, committed 4544K, reserved 1048576K
}
Event: 10.176 GC heap before
{Heap before GC invocations=15 (full 2):
 PSYoungGen      total 31232K, used 29517K [0x00000000eab00000, 0x00000000ecc00000, 0x0000000100000000)
  eden space 27648K, 100% used [0x00000000eab00000,0x00000000ec600000,0x00000000ec600000)
  from space 3584K, 52% used [0x00000000ec880000,0x00000000eca536d0,0x00000000ecc00000)
  to   space 2560K, 0% used [0x00000000ec600000,0x00000000ec600000,0x00000000ec880000)
 ParOldGen       total 68608K, used 23594K [0x00000000c0000000, 0x00000000c4300000, 0x00000000eab00000)
  object space 68608K, 34% used [0x00000000c0000000,0x00000000c170ab10,0x00000000c4300000)
 Metaspace       used 41055K, committed 42304K, reserved 1114112K
  class space    used 4418K, committed 4864K, reserved 1048576K
}
Event: 10.178 GC heap after
{Heap after GC invocations=15 (full 2):
 PSYoungGen      total 30208K, used 960K [0x00000000eab00000, 0x00000000ecc00000, 0x0000000100000000)
  eden space 27648K, 0% used [0x00000000eab00000,0x00000000eab00000,0x00000000ec600000)
  from space 2560K, 37% used [0x00000000ec600000,0x00000000ec6f0000,0x00000000ec880000)
  to   space 1536K, 0% used [0x00000000eca80000,0x00000000eca80000,0x00000000ecc00000)
 ParOldGen       total 68608K, used 25304K [0x00000000c0000000, 0x00000000c4300000, 0x00000000eab00000)
  object space 68608K, 36% used [0x00000000c0000000,0x00000000c18b61f0,0x00000000c4300000)
 Metaspace       used 41055K, committed 42304K, reserved 1114112K
  class space    used 4418K, committed 4864K, reserved 1048576K
}

