# JRE version: Java(TM) SE Runtime Environment (23.0.1+11) (build 23.0.1+11-39)
# Java VM: Java HotSpot(TM) 64-Bit Server VM (23.0.1+11-39, mixed mode, sharing, tiered, compressed oops, compressed class ptrs, parallel gc, windows-amd64)
GC Precious Log:
 CardTable entry size: 512
 CPUs: 8 total, 8 available
 Memory: 7865M
 Large Page Support: Disabled
 NUMA Support: Disabled
 Compressed Oops: Enabled (32-bit)
 Alignments: Space 512K, Generation 512K, Heap 2M
 Heap Min Capacity: 100M
 Heap Initial Capacity: 100M
 Heap Max Capacity: 1G
 Pre-touch: Disabled
 Parallel Workers: 8
Heap:
 PSYoungGen      total 31232K, used 16234K [0x00000000eab00000, 0x00000000ecc00000, 0x0000000100000000)
  eden space 28672K, 47% used [0x00000000eab00000,0x00000000eb860e50,0x00000000ec700000)
  from space 2560K, 99% used [0x00000000ec700000,0x00000000ec979d48,0x00000000ec980000)
  to   space 2560K, 0% used [0x00000000ec980000,0x00000000ec980000,0x00000000ecc00000)
 ParOldGen       total 276992K, used 276673K [0x00000000c0000000, 0x00000000d0e80000, 0x00000000eab00000)
  object space 276992K, 99% used [0x00000000c0000000,0x00000000d0e30568,0x00000000d0e80000)
 Metaspace       used 58109K, committed 59456K, reserved 1114112K
  class space    used 6332K, committed 6912K, reserved 1048576K
GC Heap History (20 events):
Event: 15.080 GC heap before
{Heap before GC invocations=76 (full 2):
 PSYoungGen      total 29184K, used 29169K [0x00000000eab00000, 0x00000000ed200000, 0x0000000100000000)
  eden space 25600K, 100% used [0x00000000eab00000,0x00000000ec400000,0x00000000ec400000)
  from space 3584K, 99% used [0x00000000ec480000,0x00000000ec7fc7c8,0x00000000ec800000)
  to   space 7168K, 0% used [0x00000000ecb00000,0x00000000ecb00000,0x00000000ed200000)
 ParOldGen       total 236544K, used 236347K [0x00000000c0000000, 0x00000000ce700000, 0x00000000eab00000)
  object space 236544K, 99% used [0x00000000c0000000,0x00000000ce6cecf0,0x00000000ce700000)
 Metaspace       used 57449K, committed 58752K, reserved 1114112K
  class space    used 6273K, committed 6848K, reserved 1048576K
}
Event: 15.084 GC heap after
{Heap after GC invocations=76 (full 2):
 PSYoungGen      total 29696K, used 4503K [0x00000000eab00000, 0x00000000ecf80000, 0x0000000100000000)
  eden space 25088K, 0% used [0x00000000eab00000,0x00000000eab00000,0x00000000ec380000)
  from space 4608K, 97% used [0x00000000ecb00000,0x00000000ecf65c08,0x00000000ecf80000)
  to   space 5632K, 0% used [0x00000000ec480000,0x00000000ec480000,0x00000000eca00000)
 ParOldGen       total 239616K, used 239493K [0x00000000c0000000, 0x00000000cea00000, 0x00000000eab00000)
  object space 239616K, 99% used [0x00000000c0000000,0x00000000ce9e15b0,0x00000000cea00000)
 Metaspace       used 57449K, committed 58752K, reserved 1114112K
  class space    used 6273K, committed 6848K, reserved 1048576K
}
Event: 15.189 GC heap before
{Heap before GC invocations=77 (full 2):
 PSYoungGen      total 29696K, used 29585K [0x00000000eab00000, 0x00000000ecf80000, 0x0000000100000000)
  eden space 25088K, 99% used [0x00000000eab00000,0x00000000ec37e8b8,0x00000000ec380000)
  from space 4608K, 97% used [0x00000000ecb00000,0x00000000ecf65c08,0x00000000ecf80000)
  to   space 5632K, 0% used [0x00000000ec480000,0x00000000ec480000,0x00000000eca00000)
 ParOldGen       total 239616K, used 239493K [0x00000000c0000000, 0x00000000cea00000, 0x00000000eab00000)
  object space 239616K, 99% used [0x00000000c0000000,0x00000000ce9e15b0,0x00000000cea00000)
 Metaspace       used 57449K, committed 58752K, reserved 1114112K
  class space    used 6273K, committed 6848K, reserved 1048576K
}
Event: 15.194 GC heap after
{Heap after GC invocations=77 (full 2):
 PSYoungGen      total 30208K, used 5578K [0x00000000eab00000, 0x00000000ecf00000, 0x0000000100000000)
  eden space 24576K, 0% used [0x00000000eab00000,0x00000000eab00000,0x00000000ec300000)
  from space 5632K, 99% used [0x00000000ec480000,0x00000000ec9f2b08,0x00000000eca00000)
  to   space 5120K, 0% used [0x00000000eca00000,0x00000000eca00000,0x00000000ecf00000)
 ParOldGen       total 243712K, used 243655K [0x00000000c0000000, 0x00000000cee00000, 0x00000000eab00000)
  object space 243712K, 99% used [0x00000000c0000000,0x00000000cedf1ea8,0x00000000cee00000)
 Metaspace       used 57449K, committed 58752K, reserved 1114112K
  class space    used 6273K, committed 6848K, reserved 1048576K
}
Event: 15.275 GC heap before
{Heap before GC invocations=78 (full 2):
 PSYoungGen      total 30208K, used 30154K [0x00000000eab00000, 0x00000000ecf00000, 0x0000000100000000)
  eden space 24576K, 100% used [0x00000000eab00000,0x00000000ec300000,0x00000000ec300000)
  from space 5632K, 99% used [0x00000000ec480000,0x00000000ec9f2b08,0x00000000eca00000)
  to   space 5120K, 0% used [0x00000000eca00000,0x00000000eca00000,0x00000000ecf00000)
 ParOldGen       total 243712K, used 243655K [0x00000000c0000000, 0x00000000cee00000, 0x00000000eab00000)
  object space 243712K, 99% used [0x00000000c0000000,0x00000000cedf1ea8,0x00000000cee00000)
 Metaspace       used 57449K, committed 58752K, reserved 1114112K
  class space    used 6273K, committed 6848K, reserved 1048576K
}
Event: 15.279 GC heap after
{Heap after GC invocations=78 (full 2):
 PSYoungGen      total 24576K, used 5112K [0x00000000eab00000, 0x00000000eda80000, 0x0000000100000000)
  eden space 19456K, 0% used [0x00000000eab00000,0x00000000eab00000,0x00000000ebe00000)
  from space 5120K, 99% used [0x00000000eca00000,0x00000000ecefe370,0x00000000ecf00000)
  to   space 12288K, 0% used [0x00000000ebe00000,0x00000000ebe00000,0x00000000eca00000)
 ParOldGen       total 249856K, used 249529K [0x00000000c0000000, 0x00000000cf400000, 0x00000000eab00000)
  object space 249856K, 99% used [0x00000000c0000000,0x00000000cf3ae768,0x00000000cf400000)
 Metaspace       used 57449K, committed 58752K, reserved 1114112K
  class space    used 6273K, committed 6848K, reserved 1048576K
}
Event: 15.347 GC heap before
{Heap before GC invocations=79 (full 2):
 PSYoungGen      total 24576K, used 24568K [0x00000000eab00000, 0x00000000eda80000, 0x0000000100000000)
  eden space 19456K, 100% used [0x00000000eab00000,0x00000000ebe00000,0x00000000ebe00000)
  from space 5120K, 99% used [0x00000000eca00000,0x00000000ecefe370,0x00000000ecf00000)
  to   space 12288K, 0% used [0x00000000ebe00000,0x00000000ebe00000,0x00000000eca00000)
 ParOldGen       total 249856K, used 249529K [0x00000000c0000000, 0x00000000cf400000, 0x00000000eab00000)
  object space 249856K, 99% used [0x00000000c0000000,0x00000000cf3ae768,0x00000000cf400000)
 Metaspace       used 57451K, committed 58752K, reserved 1114112K
  class space    used 6273K, committed 6848K, reserved 1048576K
}
Event: 15.351 GC heap after
{Heap after GC invocations=79 (full 2):
 PSYoungGen      total 24064K, used 4598K [0x00000000eab00000, 0x00000000ecc00000, 0x0000000100000000)
  eden space 19456K, 0% used [0x00000000eab00000,0x00000000eab00000,0x00000000ebe00000)
  from space 4608K, 99% used [0x00000000ebe00000,0x00000000ec27dac0,0x00000000ec280000)
  to   space 7168K, 0% used [0x00000000ec500000,0x00000000ec500000,0x00000000ecc00000)
 ParOldGen       total 254464K, used 254415K [0x00000000c0000000, 0x00000000cf880000, 0x00000000eab00000)
  object space 254464K, 99% used [0x00000000c0000000,0x00000000cf873cb0,0x00000000cf880000)
 Metaspace       used 57451K, committed 58752K, reserved 1114112K
  class space    used 6273K, committed 6848K, reserved 1048576K
}
Event: 15.390 GC heap before
{Heap before GC invocations=80 (full 2):
 PSYoungGen      total 24064K, used 24054K [0x00000000eab00000, 0x00000000ecc00000, 0x0000000100000000)
  eden space 19456K, 100% used [0x00000000eab00000,0x00000000ebe00000,0x00000000ebe00000)
  from space 4608K, 99% used [0x00000000ebe00000,0x00000000ec27dac0,0x00000000ec280000)
  to   space 7168K, 0% used [0x00000000ec500000,0x00000000ec500000,0x00000000ecc00000)
 ParOldGen       total 254464K, used 254415K [0x00000000c0000000, 0x00000000cf880000, 0x00000000eab00000)
  object space 254464K, 99% used [0x00000000c0000000,0x00000000cf873cb0,0x00000000cf880000)
 Metaspace       used 57451K, committed 58752K, reserved 1114112K
  class space    used 6273K, committed 6848K, reserved 1048576K
}
Event: 15.394 GC heap after
{Heap after GC invocations=80 (full 2):
 PSYoungGen      total 28672K, used 4165K [0x00000000eab00000, 0x00000000ecc00000, 0x0000000100000000)
  eden space 21504K, 0% used [0x00000000eab00000,0x00000000eab00000,0x00000000ec000000)
  from space 7168K, 58% used [0x00000000ec500000,0x00000000ec911580,0x00000000ecc00000)
  to   space 5120K, 0% used [0x00000000ec000000,0x00000000ec000000,0x00000000ec500000)
 ParOldGen       total 259072K, used 258729K [0x00000000c0000000, 0x00000000cfd00000, 0x00000000eab00000)
  object space 259072K, 99% used [0x00000000c0000000,0x00000000cfcaa700,0x00000000cfd00000)
 Metaspace       used 57451K, committed 58752K, reserved 1114112K
  class space    used 6273K, committed 6848K, reserved 1048576K
}
Event: 15.454 GC heap before
{Heap before GC invocations=81 (full 2):
 PSYoungGen      total 28672K, used 25669K [0x00000000eab00000, 0x00000000ecc00000, 0x0000000100000000)
  eden space 21504K, 100% used [0x00000000eab00000,0x00000000ec000000,0x00000000ec000000)
  from space 7168K, 58% used [0x00000000ec500000,0x00000000ec911580,0x00000000ecc00000)
  to   space 5120K, 0% used [0x00000000ec000000,0x00000000ec000000,0x00000000ec500000)
 ParOldGen       total 259072K, used 258729K [0x00000000c0000000, 0x00000000cfd00000, 0x00000000eab00000)
  object space 259072K, 99% used [0x00000000c0000000,0x00000000cfcaa700,0x00000000cfd00000)
 Metaspace       used 57715K, committed 59008K, reserved 1114112K
  class space    used 6308K, committed 6848K, reserved 1048576K
}
Event: 15.458 GC heap after
{Heap after GC invocations=81 (full 2):
 PSYoungGen      total 26624K, used 3923K [0x00000000eab00000, 0x00000000ecc00000, 0x0000000100000000)
  eden space 21504K, 0% used [0x00000000eab00000,0x00000000eab00000,0x00000000ec000000)
  from space 5120K, 76% used [0x00000000ec000000,0x00000000ec3d4fb0,0x00000000ec500000)
  to   space 4096K, 0% used [0x00000000ec800000,0x00000000ec800000,0x00000000ecc00000)
 ParOldGen       total 263168K, used 262756K [0x00000000c0000000, 0x00000000d0100000, 0x00000000eab00000)
  object space 263168K, 99% used [0x00000000c0000000,0x00000000d0099000,0x00000000d0100000)
 Metaspace       used 57715K, committed 59008K, reserved 1114112K
  class space    used 6308K, committed 6848K, reserved 1048576K
}
Event: 15.556 GC heap before
{Heap before GC invocations=82 (full 2):
 PSYoungGen      total 26624K, used 25427K [0x00000000eab00000, 0x00000000ecc00000, 0x0000000100000000)
  eden space 21504K, 100% used [0x00000000eab00000,0x00000000ec000000,0x00000000ec000000)
  from space 5120K, 76% used [0x00000000ec000000,0x00000000ec3d4fb0,0x00000000ec500000)
  to   space 4096K, 0% used [0x00000000ec800000,0x00000000ec800000,0x00000000ecc00000)
 ParOldGen       total 263168K, used 262756K [0x00000000c0000000, 0x00000000d0100000, 0x00000000eab00000)
  object space 263168K, 99% used [0x00000000c0000000,0x00000000d0099000,0x00000000d0100000)
 Metaspace       used 57902K, committed 59264K, reserved 1114112K
  class space    used 6327K, committed 6912K, reserved 1048576K
}
Event: 15.561 GC heap after
{Heap after GC invocations=82 (full 2):
 PSYoungGen      total 30208K, used 3109K [0x00000000eab00000, 0x00000000ecc00000, 0x0000000100000000)
  eden space 26112K, 0% used [0x00000000eab00000,0x00000000eab00000,0x00000000ec480000)
  from space 4096K, 75% used [0x00000000ec800000,0x00000000ecb09780,0x00000000ecc00000)
  to   space 3584K, 0% used [0x00000000ec480000,0x00000000ec480000,0x00000000ec800000)
 ParOldGen       total 266752K, used 266538K [0x00000000c0000000, 0x00000000d0480000, 0x00000000eab00000)
  object space 266752K, 99% used [0x00000000c0000000,0x00000000d044a8d0,0x00000000d0480000)
 Metaspace       used 57902K, committed 59264K, reserved 1114112K
  class space    used 6327K, committed 6912K, reserved 1048576K
}
Event: 15.662 GC heap before
{Heap before GC invocations=83 (full 2):
 PSYoungGen      total 30208K, used 29221K [0x00000000eab00000, 0x00000000ecc00000, 0x0000000100000000)
  eden space 26112K, 100% used [0x00000000eab00000,0x00000000ec480000,0x00000000ec480000)
  from space 4096K, 75% used [0x00000000ec800000,0x00000000ecb09780,0x00000000ecc00000)
  to   space 3584K, 0% used [0x00000000ec480000,0x00000000ec480000,0x00000000ec800000)
 ParOldGen       total 266752K, used 266538K [0x00000000c0000000, 0x00000000d0480000, 0x00000000eab00000)
  object space 266752K, 99% used [0x00000000c0000000,0x00000000d044a8d0,0x00000000d0480000)
 Metaspace       used 57985K, committed 59328K, reserved 1114112K
  class space    used 6328K, committed 6912K, reserved 1048576K
}
Event: 15.665 GC heap after
{Heap after GC invocations=83 (full 2):
 PSYoungGen      total 29696K, used 2032K [0x00000000eab00000, 0x00000000ecc00000, 0x0000000100000000)
  eden space 26112K, 0% used [0x00000000eab00000,0x00000000eab00000,0x00000000ec480000)
  from space 3584K, 56% used [0x00000000ec480000,0x00000000ec67c010,0x00000000ec800000)
  to   space 2560K, 0% used [0x00000000ec980000,0x00000000ec980000,0x00000000ecc00000)
 ParOldGen       total 269824K, used 269423K [0x00000000c0000000, 0x00000000d0780000, 0x00000000eab00000)
  object space 269824K, 99% used [0x00000000c0000000,0x00000000d071bcc8,0x00000000d0780000)
 Metaspace       used 57985K, committed 59328K, reserved 1114112K
  class space    used 6328K, committed 6912K, reserved 1048576K
}
Event: 15.739 GC heap before
{Heap before GC invocations=84 (full 2):
 PSYoungGen      total 29696K, used 28144K [0x00000000eab00000, 0x00000000ecc00000, 0x0000000100000000)
  eden space 26112K, 100% used [0x00000000eab00000,0x00000000ec480000,0x00000000ec480000)
  from space 3584K, 56% used [0x00000000ec480000,0x00000000ec67c010,0x00000000ec800000)
  to   space 2560K, 0% used [0x00000000ec980000,0x00000000ec980000,0x00000000ecc00000)
 ParOldGen       total 269824K, used 269423K [0x00000000c0000000, 0x00000000d0780000, 0x00000000eab00000)
  object space 269824K, 99% used [0x00000000c0000000,0x00000000d071bcc8,0x00000000d0780000)
 Metaspace       used 58055K, committed 59392K, reserved 1114112K
  class space    used 6329K, committed 6912K, reserved 1048576K
}
Event: 15.741 GC heap after
{Heap after GC invocations=84 (full 2):
 PSYoungGen      total 31232K, used 2231K [0x00000000eab00000, 0x00000000ecc00000, 0x0000000100000000)
  eden space 28672K, 0% used [0x00000000eab00000,0x00000000eab00000,0x00000000ec700000)
  from space 2560K, 87% used [0x00000000ec980000,0x00000000ecbadcd8,0x00000000ecc00000)
  to   space 2560K, 0% used [0x00000000ec700000,0x00000000ec700000,0x00000000ec980000)
 ParOldGen       total 271360K, used 271175K [0x00000000c0000000, 0x00000000d0900000, 0x00000000eab00000)
  object space 271360K, 99% used [0x00000000c0000000,0x00000000d08d1ea0,0x00000000d0900000)
 Metaspace       used 58055K, committed 59392K, reserved 1114112K
  class space    used 6329K, committed 6912K, reserved 1048576K
}
Event: 15.881 GC heap before
{Heap before GC invocations=85 (full 2):
 PSYoungGen      total 31232K, used 30903K [0x00000000eab00000, 0x00000000ecc00000, 0x0000000100000000)
  eden space 28672K, 100% used [0x00000000eab00000,0x00000000ec700000,0x00000000ec700000)
  from space 2560K, 87% used [0x00000000ec980000,0x00000000ecbadcd8,0x00000000ecc00000)
  to   space 2560K, 0% used [0x00000000ec700000,0x00000000ec700000,0x00000000ec980000)
 ParOldGen       total 271360K, used 271175K [0x00000000c0000000, 0x00000000d0900000, 0x00000000eab00000)
  object space 271360K, 99% used [0x00000000c0000000,0x00000000d08d1ea0,0x00000000d0900000)
 Metaspace       used 58055K, committed 59392K, reserved 1114112K
  class space    used 6329K, committed 6912K, reserved 1048576K
}
Event: 15.886 GC heap after
{Heap after GC invocations=85 (full 2):
 PSYoungGen      total 31232K, used 2535K [0x00000000eab00000, 0x00000000ecc00000, 0x0000000100000000)
  eden space 28672K, 0% used [0x00000000eab00000,0x00000000eab00000,0x00000000ec700000)
  from space 2560K, 99% used [0x00000000ec700000,0x00000000ec979d48,0x00000000ec980000)
  to   space 2560K, 0% used [0x00000000ec980000,0x00000000ec980000,0x00000000ecc00000)
 ParOldGen       total 276992K, used 276673K [0x00000000c0000000, 0x00000000d0e80000, 0x00000000eab00000)
  object space 276992K, 99% used [0x00000000c0000000,0x00000000d0e30568,0x00000000d0e80000)
 Metaspace       used 58055K, committed 59392K, reserved 1114112K
  class space    used 6329K, committed 6912K, reserved 1048576K
}

